<?xml version="1.0" encoding="UTF-8"?>
<testng-results ignored="0" total="1" passed="0" failed="1" skipped="0">
  <reporter-output>
  </reporter-output>
  <suite started-at="2024-11-04T21:23:54 IST" name="Default suite" finished-at="2024-11-04T21:24:07 IST" duration-ms="13193">
    <groups>
      <group name="cucumber">
        <method signature="AbstractTestNGCucumberTests.runScenario(io.cucumber.testng.PickleWrapper,io.cucumber.testng.FeatureWrapper)[pri:0, instance:runner.ReRunTestRunner@6be968ce]" name="runScenario" class="io.cucumber.testng.AbstractTestNGCucumberTests"/>
      </group> <!-- cucumber -->
    </groups>
    <test started-at="2024-11-04T21:23:54 IST" name="Default test" finished-at="2024-11-04T21:24:07 IST" duration-ms="13193">
      <class name="runner.ReRunTestRunner">
        <test-method is-config="true" signature="setUpClass(org.testng.ITestContext)[pri:0, instance:runner.ReRunTestRunner@6be968ce]" started-at="2024-11-04T21:23:54 IST" name="setUpClass" finished-at="2024-11-04T21:23:56 IST" duration-ms="1812" status="PASS">
          <params>
            <param index="0">
              <value>
                <![CDATA[org.testng.TestRunner@27960b1e]]>
              </value>
            </param>
          </params>
          <reporter-output>
          </reporter-output>
        </test-method> <!-- setUpClass -->
        <test-method signature="runScenario(io.cucumber.testng.PickleWrapper,io.cucumber.testng.FeatureWrapper)[pri:0, instance:runner.ReRunTestRunner@6be968ce]" started-at="2024-11-04T21:23:56 IST" name="runScenario" description="Runs Cucumber Scenarios" data-provider="scenarios" finished-at="2024-11-04T21:24:05 IST" duration-ms="8829" status="FAIL">
          <params>
            <param index="0">
              <value>
                <![CDATA["Add to cart for sauce lab backpack"]]>
              </value>
            </param>
            <param index="1">
              <value>
                <![CDATA["Inventory page"]]>
              </value>
            </param>
          </params>
          <exception class="java.lang.AssertionError">
            <message>
              <![CDATA[expected [Remove] but found [Remov]]]>
            </message>
            <full-stacktrace>
              <![CDATA[java.lang.AssertionError: expected [Remove] but found [Remov]
at org.testng.Assert.fail(Assert.java:111)
at org.testng.Assert.failNotEquals(Assert.java:1578)
at org.testng.Assert.assertEqualsImpl(Assert.java:150)
at org.testng.Assert.assertEquals(Assert.java:132)
at org.testng.Assert.assertEquals(Assert.java:656)
at org.testng.Assert.assertEquals(Assert.java:666)
at stepDefination.InventorySteps.i_verify_remove_tag_for_added_product(InventorySteps.java:30)
at âœ½.I verify remove tag for added product(file:///Users/pravintambare/Documents/workspace-spring-tool-suite-4-4.13.1.RELEASE/Framework26/src/test/java/features/Inventory.feature:12)
]]>
            </full-stacktrace>
          </exception> <!-- java.lang.AssertionError -->
          <reporter-output>
          </reporter-output>
        </test-method> <!-- runScenario -->
        <test-method is-config="true" signature="tearDownClass()[pri:0, instance:runner.ReRunTestRunner@6be968ce]" started-at="2024-11-04T21:24:05 IST" name="tearDownClass" finished-at="2024-11-04T21:24:07 IST" duration-ms="2465" status="PASS">
          <reporter-output>
          </reporter-output>
        </test-method> <!-- tearDownClass -->
      </class> <!-- runner.ReRunTestRunner -->
    </test> <!-- Default test -->
  </suite> <!-- Default suite -->
</testng-results>
